Determining if the pthread_create exist failed with the following output:
Change Dir: /home/ramya/predict/predict/linux-build/CMakeFiles/CMakeTmp

Run Build Command:"/usr/bin/make" "cmTC_165b1/fast"
/usr/bin/make -f CMakeFiles/cmTC_165b1.dir/build.make CMakeFiles/cmTC_165b1.dir/build
make[1]: Entering directory '/home/ramya/predict/predict/linux-build/CMakeFiles/CMakeTmp'
Building C object CMakeFiles/cmTC_165b1.dir/CheckSymbolExists.c.o
/usr/bin/cc    -std=gnu99 -fPIC    -o CMakeFiles/cmTC_165b1.dir/CheckSymbolExists.c.o   -c /home/ramya/predict/predict/linux-build/CMakeFiles/CMakeTmp/CheckSymbolExists.c
Linking C executable cmTC_165b1
/usr/bin/cmake -E cmake_link_script CMakeFiles/cmTC_165b1.dir/link.txt --verbose=1
/usr/bin/cc   -std=gnu99 -fPIC     CMakeFiles/cmTC_165b1.dir/CheckSymbolExists.c.o  -o cmTC_165b1 -rdynamic 
CMakeFiles/cmTC_165b1.dir/CheckSymbolExists.c.o: In function `main':
CheckSymbolExists.c:(.text+0x1b): undefined reference to `pthread_create'
collect2: error: ld returned 1 exit status
CMakeFiles/cmTC_165b1.dir/build.make:97: recipe for target 'cmTC_165b1' failed
make[1]: *** [cmTC_165b1] Error 1
make[1]: Leaving directory '/home/ramya/predict/predict/linux-build/CMakeFiles/CMakeTmp'
Makefile:126: recipe for target 'cmTC_165b1/fast' failed
make: *** [cmTC_165b1/fast] Error 2

File /home/ramya/predict/predict/linux-build/CMakeFiles/CMakeTmp/CheckSymbolExists.c:
/* */
#include <pthread.h>

int main(int argc, char** argv)
{
  (void)argv;
#ifndef pthread_create
  return ((int*)(&pthread_create))[argc];
#else
  (void)argc;
  return 0;
#endif
}

Determining if the function pthread_create exists in the pthreads failed with the following output:
Change Dir: /home/ramya/predict/predict/linux-build/CMakeFiles/CMakeTmp

Run Build Command:"/usr/bin/make" "cmTC_69651/fast"
/usr/bin/make -f CMakeFiles/cmTC_69651.dir/build.make CMakeFiles/cmTC_69651.dir/build
make[1]: Entering directory '/home/ramya/predict/predict/linux-build/CMakeFiles/CMakeTmp'
Building C object CMakeFiles/cmTC_69651.dir/CheckFunctionExists.c.o
/usr/bin/cc    -std=gnu99 -fPIC -DCHECK_FUNCTION_EXISTS=pthread_create   -o CMakeFiles/cmTC_69651.dir/CheckFunctionExists.c.o   -c /usr/share/cmake-3.5/Modules/CheckFunctionExists.c
Linking C executable cmTC_69651
/usr/bin/cmake -E cmake_link_script CMakeFiles/cmTC_69651.dir/link.txt --verbose=1
/usr/bin/cc   -std=gnu99 -fPIC -DCHECK_FUNCTION_EXISTS=pthread_create    CMakeFiles/cmTC_69651.dir/CheckFunctionExists.c.o  -o cmTC_69651 -rdynamic -lpthreads 
/usr/bin/ld: cannot find -lpthreads
collect2: error: ld returned 1 exit status
CMakeFiles/cmTC_69651.dir/build.make:97: recipe for target 'cmTC_69651' failed
make[1]: *** [cmTC_69651] Error 1
make[1]: Leaving directory '/home/ramya/predict/predict/linux-build/CMakeFiles/CMakeTmp'
Makefile:126: recipe for target 'cmTC_69651/fast' failed
make: *** [cmTC_69651/fast] Error 2


